<?xml version="1.0" encoding="UTF-8"?>
<!-- Generated by org.testng.reporters.JUnitReportReporter -->
<testsuite skipped="0" hostname="Dell" name="com.testNg.BrowserTest" tests="4" failures="0" timestamp="18 Jul 2020 14:30:01 GMT" time="115.539" errors="0">
  <testcase name="registerationForm" time="49.702" classname="com.testNg.BrowserTest"/>
  <testcase name="login" time="9.559" classname="com.testNg.BrowserTest"/>
  <testcase name="searchBar" time="8.143" classname="com.testNg.BrowserTest"/>
  <testcase name="addToCart" time="48.135" classname="com.testNg.BrowserTest"/>
</testsuite> <!-- com.testNg.BrowserTest -->
