<?xml version="1.0" encoding="UTF-8"?>
<!-- Generated by org.testng.reporters.JUnitReportReporter -->
<testsuite skipped="0" hostname="Dell" name="com.testNg.TestSite" tests="1" failures="0" timestamp="15 Jul 2020 16:23:39 GMT" time="1.134" errors="0">
  <testcase name="searchBar" time="1.134" classname="com.testNg.TestSite"/>
</testsuite> <!-- com.testNg.TestSite -->
